<?xml version="1.0" encoding="UTF-8"?>
<coverage generated="1672053529">
  <project timestamp="1672053529">
    <file name="/home/runner/work/cms-api-dropdown-option/cms-api-dropdown-option/src/Actions/DropdownOptionsAction.php">
      <class name="Apie\CmsApiDropdownOption\Actions\DropdownOptionsAction" namespace="global">
        <metrics complexity="8" methods="8" coveredmethods="0" conditionals="0" coveredconditionals="0" statements="18" coveredstatements="0" elements="26" coveredelements="0"/>
      </class>
      <line num="21" type="method" name="__construct" visibility="public" complexity="1" crap="2" count="0"/>
      <line num="23" type="stmt" count="0"/>
      <line num="25" type="method" name="__invoke" visibility="public" complexity="1" crap="2" count="0"/>
      <line num="27" type="stmt" count="0"/>
      <line num="28" type="stmt" count="0"/>
      <line num="29" type="stmt" count="0"/>
      <line num="30" type="stmt" count="0"/>
      <line num="31" type="stmt" count="0"/>
      <line num="32" type="stmt" count="0"/>
      <line num="35" type="method" name="getInputType" visibility="public" complexity="1" crap="2" count="0"/>
      <line num="37" type="stmt" count="0"/>
      <line num="40" type="method" name="getOutputType" visibility="public" complexity="1" crap="2" count="0"/>
      <line num="42" type="stmt" count="0"/>
      <line num="45" type="method" name="getPossibleActionResponseStatuses" visibility="public" complexity="1" crap="2" count="0"/>
      <line num="47" type="stmt" count="0"/>
      <line num="48" type="stmt" count="0"/>
      <line num="49" type="stmt" count="0"/>
      <line num="52" type="method" name="getDescription" visibility="public" complexity="1" crap="2" count="0"/>
      <line num="54" type="stmt" count="0"/>
      <line num="57" type="method" name="getTags" visibility="public" complexity="1" crap="2" count="0"/>
      <line num="59" type="stmt" count="0"/>
      <line num="62" type="method" name="getRouteAttributes" visibility="public" complexity="1" crap="2" count="0"/>
      <line num="64" type="stmt" count="0"/>
      <line num="65" type="stmt" count="0"/>
      <line num="66" type="stmt" count="0"/>
      <line num="67" type="stmt" count="0"/>
      <metrics loc="69" ncloc="69" classes="1" methods="8" coveredmethods="0" conditionals="0" coveredconditionals="0" statements="18" coveredstatements="0" elements="26" coveredelements="0"/>
    </file>
    <file name="/home/runner/work/cms-api-dropdown-option/cms-api-dropdown-option/src/Dtos/DropdownOption.php">
      <class name="Apie\CmsApiDropdownOption\Dtos\DropdownOption" namespace="global">
        <metrics complexity="0" methods="0" coveredmethods="0" conditionals="0" coveredconditionals="0" statements="0" coveredstatements="0" elements="0" coveredelements="0"/>
      </class>
      <metrics loc="11" ncloc="11" classes="0" methods="0" coveredmethods="0" conditionals="0" coveredconditionals="0" statements="0" coveredstatements="0" elements="0" coveredelements="0"/>
    </file>
    <file name="/home/runner/work/cms-api-dropdown-option/cms-api-dropdown-option/src/ExampleClass.php">
      <class name="Apie\CmsApiDropdownOption\ExampleClass" namespace="global">
        <metrics complexity="1" methods="1" coveredmethods="1" conditionals="0" coveredconditionals="0" statements="1" coveredstatements="1" elements="2" coveredelements="2"/>
      </class>
      <line num="9" type="method" name="getPizza" visibility="public" complexity="1" crap="1" count="1"/>
      <line num="11" type="stmt" count="1"/>
      <metrics loc="13" ncloc="10" classes="1" methods="1" coveredmethods="1" conditionals="0" coveredconditionals="0" statements="1" coveredstatements="1" elements="2" coveredelements="2"/>
    </file>
    <file name="/home/runner/work/cms-api-dropdown-option/cms-api-dropdown-option/src/RouteDefinitions/DropdownOptionsForExistingObjectRouteDefinition.php">
      <class name="Apie\CmsApiDropdownOption\RouteDefinitions\DropdownOptionsForExistingObjectRouteDefinition" namespace="global">
        <metrics complexity="4" methods="4" coveredmethods="0" conditionals="0" coveredconditionals="0" statements="4" coveredstatements="0" elements="8" coveredelements="0"/>
      </class>
      <line num="11" type="method" name="getMethod" visibility="public" complexity="1" crap="2" count="0"/>
      <line num="13" type="stmt" count="0"/>
      <line num="16" type="method" name="getUrl" visibility="public" complexity="1" crap="2" count="0"/>
      <line num="18" type="stmt" count="0"/>
      <line num="21" type="method" name="getAction" visibility="public" complexity="1" crap="2" count="0"/>
      <line num="23" type="stmt" count="0"/>
      <line num="26" type="method" name="getOperationId" visibility="public" complexity="1" crap="2" count="0"/>
      <line num="28" type="stmt" count="0"/>
      <metrics loc="30" ncloc="30" classes="1" methods="4" coveredmethods="0" conditionals="0" coveredconditionals="0" statements="4" coveredstatements="0" elements="8" coveredelements="0"/>
    </file>
    <file name="/home/runner/work/cms-api-dropdown-option/cms-api-dropdown-option/src/RouteDefinitions/DropdownOptionsForNewObjectRouteDefinition.php">
      <class name="Apie\CmsApiDropdownOption\RouteDefinitions\DropdownOptionsForNewObjectRouteDefinition" namespace="global">
        <metrics complexity="4" methods="4" coveredmethods="0" conditionals="0" coveredconditionals="0" statements="4" coveredstatements="0" elements="8" coveredelements="0"/>
      </class>
      <line num="11" type="method" name="getMethod" visibility="public" complexity="1" crap="2" count="0"/>
      <line num="13" type="stmt" count="0"/>
      <line num="16" type="method" name="getUrl" visibility="public" complexity="1" crap="2" count="0"/>
      <line num="18" type="stmt" count="0"/>
      <line num="21" type="method" name="getAction" visibility="public" complexity="1" crap="2" count="0"/>
      <line num="23" type="stmt" count="0"/>
      <line num="26" type="method" name="getOperationId" visibility="public" complexity="1" crap="2" count="0"/>
      <line num="28" type="stmt" count="0"/>
      <metrics loc="30" ncloc="30" classes="1" methods="4" coveredmethods="0" conditionals="0" coveredconditionals="0" statements="4" coveredstatements="0" elements="8" coveredelements="0"/>
    </file>
    <metrics files="5" loc="153" ncloc="150" classes="4" methods="17" coveredmethods="1" conditionals="0" coveredconditionals="0" statements="27" coveredstatements="1" elements="44" coveredelements="2"/>
  </project>
</coverage>
